<?xml version="1.0" encoding="UTF-8"?>
<!-- Generated by org.testng.reporters.JUnitXMLReporter -->
<testsuite hostname="ASHISH-PC" name="Default test" tests="3" failures="0" timestamp="16 Oct 2018 06:58:25 GMT" time="62.571" errors="0">
  <testcase name="validateCreateNewContact" time="4.356" classname="com.crm.qa.testcases.ContactsPageTest"/>
  <testcase name="validateCreateNewContact" time="3.922" classname="com.crm.qa.testcases.ContactsPageTest"/>
  <testcase name="validateCreateNewContact" time="3.844" classname="com.crm.qa.testcases.ContactsPageTest"/>
</testsuite> <!-- Default test -->
