<?xml version="1.0" encoding="UTF-8"?>
<testng-results skipped="0" failed="0" total="3" passed="3">
  <reporter-output>
  </reporter-output>
  <suite name="Default suite" duration-ms="62571" started-at="2018-10-16T06:57:22Z" finished-at="2018-10-16T06:58:25Z">
    <groups>
    </groups>
    <test name="Default test" duration-ms="62571" started-at="2018-10-16T06:57:22Z" finished-at="2018-10-16T06:58:25Z">
      <class name="com.crm.qa.testcases.ContactsPageTest">
        <test-method status="PASS" signature="setUp()[pri:0, instance:com.crm.qa.testcases.ContactsPageTest@3532ec19]" name="setUp" is-config="true" duration-ms="19442" started-at="2018-10-16T12:27:24Z" finished-at="2018-10-16T12:27:43Z">
          <reporter-output>
          </reporter-output>
        </test-method> <!-- setUp -->
        <test-method status="PASS" signature="validateCreateNewContact(java.lang.String, java.lang.String, java.lang.String, java.lang.String)[pri:0, instance:com.crm.qa.testcases.ContactsPageTest@3532ec19]" name="validateCreateNewContact" duration-ms="4356" started-at="2018-10-16T12:27:43Z" data-provider="getCRMTestData" finished-at="2018-10-16T12:27:47Z">
          <params>
            <param index="0">
              <value>
                <![CDATA[Mrs.]]>
              </value>
            </param>
            <param index="1">
              <value>
                <![CDATA[Priya]]>
              </value>
            </param>
            <param index="2">
              <value>
                <![CDATA[Sharma]]>
              </value>
            </param>
            <param index="3">
              <value>
                <![CDATA[Google]]>
              </value>
            </param>
          </params>
          <reporter-output>
          </reporter-output>
        </test-method> <!-- validateCreateNewContact -->
        <test-method status="PASS" signature="tearDown()[pri:0, instance:com.crm.qa.testcases.ContactsPageTest@3532ec19]" name="tearDown" is-config="true" duration-ms="65" started-at="2018-10-16T12:27:47Z" finished-at="2018-10-16T12:27:47Z">
          <reporter-output>
          </reporter-output>
        </test-method> <!-- tearDown -->
        <test-method status="PASS" signature="setUp()[pri:0, instance:com.crm.qa.testcases.ContactsPageTest@3532ec19]" name="setUp" is-config="true" duration-ms="14424" started-at="2018-10-16T12:27:47Z" finished-at="2018-10-16T12:28:02Z">
          <reporter-output>
          </reporter-output>
        </test-method> <!-- setUp -->
        <test-method status="PASS" signature="validateCreateNewContact(java.lang.String, java.lang.String, java.lang.String, java.lang.String)[pri:0, instance:com.crm.qa.testcases.ContactsPageTest@3532ec19]" name="validateCreateNewContact" duration-ms="3922" started-at="2018-10-16T12:28:02Z" data-provider="getCRMTestData" finished-at="2018-10-16T12:28:06Z">
          <params>
            <param index="0">
              <value>
                <![CDATA[Mr.]]>
              </value>
            </param>
            <param index="1">
              <value>
                <![CDATA[Ashish]]>
              </value>
            </param>
            <param index="2">
              <value>
                <![CDATA[Sharma]]>
              </value>
            </param>
            <param index="3">
              <value>
                <![CDATA[Microsoft]]>
              </value>
            </param>
          </params>
          <reporter-output>
          </reporter-output>
        </test-method> <!-- validateCreateNewContact -->
        <test-method status="PASS" signature="tearDown()[pri:0, instance:com.crm.qa.testcases.ContactsPageTest@3532ec19]" name="tearDown" is-config="true" duration-ms="71" started-at="2018-10-16T12:28:06Z" finished-at="2018-10-16T12:28:06Z">
          <reporter-output>
          </reporter-output>
        </test-method> <!-- tearDown -->
        <test-method status="PASS" signature="setUp()[pri:0, instance:com.crm.qa.testcases.ContactsPageTest@3532ec19]" name="setUp" is-config="true" duration-ms="15146" started-at="2018-10-16T12:28:06Z" finished-at="2018-10-16T12:28:21Z">
          <reporter-output>
          </reporter-output>
        </test-method> <!-- setUp -->
        <test-method status="PASS" signature="validateCreateNewContact(java.lang.String, java.lang.String, java.lang.String, java.lang.String)[pri:0, instance:com.crm.qa.testcases.ContactsPageTest@3532ec19]" name="validateCreateNewContact" duration-ms="3844" started-at="2018-10-16T12:28:21Z" data-provider="getCRMTestData" finished-at="2018-10-16T12:28:25Z">
          <params>
            <param index="0">
              <value>
                <![CDATA[Dr.]]>
              </value>
            </param>
            <param index="1">
              <value>
                <![CDATA[Priyanshi]]>
              </value>
            </param>
            <param index="2">
              <value>
                <![CDATA[Sharma]]>
              </value>
            </param>
            <param index="3">
              <value>
                <![CDATA[Owner]]>
              </value>
            </param>
          </params>
          <reporter-output>
          </reporter-output>
        </test-method> <!-- validateCreateNewContact -->
        <test-method status="PASS" signature="tearDown()[pri:0, instance:com.crm.qa.testcases.ContactsPageTest@3532ec19]" name="tearDown" is-config="true" duration-ms="65" started-at="2018-10-16T12:28:25Z" finished-at="2018-10-16T12:28:25Z">
          <reporter-output>
          </reporter-output>
        </test-method> <!-- tearDown -->
      </class> <!-- com.crm.qa.testcases.ContactsPageTest -->
    </test> <!-- Default test -->
  </suite> <!-- Default suite -->
</testng-results>
